{"level":"DEBUG","time":"2020-11-29T23:21:53.628-0500","caller":"mongodb/mongodb.go:70","msg":"logger init success"}
{"level":"INFO","time":"2020-11-29T23:21:54.617-0500","caller":"mongodb/mongodb.go:45","msg":"Connect to MongoDB"}
{"level":"ERROR","time":"2020-11-29T23:21:54.617-0500","caller":"mongodb/mongodb.go:88","msg":"collection.FindOne(context.TODO(), filter).Decode(&result) failed","error":"cannot transform type bson.D to a BSON Document: WriteArray can only write a Array while positioned on a Element or Value but is positioned on a TopLevel"}
{"level":"INFO","time":"2020-11-29T23:21:54.823-0500","caller":"mongodb/mongodb.go:56","msg":"Connection to MongoDB closed."}
{"level":"DEBUG","time":"2020-11-29T23:22:50.766-0500","caller":"mongodb/mongodb.go:71","msg":"logger init success"}
{"level":"INFO","time":"2020-11-29T23:22:51.747-0500","caller":"mongodb/mongodb.go:46","msg":"Connect to MongoDB"}
{"level":"DEBUG","time":"2020-11-29T23:26:53.585-0500","caller":"mongodb/mongodb.go:71","msg":"logger init success"}
{"level":"INFO","time":"2020-11-29T23:26:54.586-0500","caller":"mongodb/mongodb.go:46","msg":"Connect to MongoDB"}
{"level":"DEBUG","time":"2020-11-29T23:33:54.653-0500","caller":"mongodb/mongodb.go:77","msg":"logger init success"}
{"level":"INFO","time":"2020-11-29T23:33:56.134-0500","caller":"mongodb/mongodb.go:52","msg":"Connect to MongoDB"}
{"level":"DEBUG","time":"2020-11-29T23:40:32.287-0500","caller":"mongodb/mongodb.go:77","msg":"logger init success"}
{"level":"INFO","time":"2020-11-29T23:40:33.480-0500","caller":"mongodb/mongodb.go:52","msg":"Connect to MongoDB"}
{"level":"DEBUG","time":"2020-11-29T23:43:34.293-0500","caller":"mongodb/mongodb.go:77","msg":"logger init success"}
{"level":"INFO","time":"2020-11-29T23:43:35.492-0500","caller":"mongodb/mongodb.go:52","msg":"Connect to MongoDB"}
{"level":"INFO","time":"2020-11-29T23:43:36.219-0500","caller":"mongodb/mongodb.go:63","msg":"Connection to MongoDB closed."}
{"level":"DEBUG","time":"2020-11-29T23:43:57.069-0500","caller":"mongodb/mongodb.go:77","msg":"logger init success"}
{"level":"INFO","time":"2020-11-29T23:43:58.265-0500","caller":"mongodb/mongodb.go:52","msg":"Connect to MongoDB"}
{"level":"DEBUG","time":"2020-11-29T23:44:26.134-0500","caller":"mongodb/mongodb.go:77","msg":"logger init success"}
{"level":"INFO","time":"2020-11-29T23:44:27.354-0500","caller":"mongodb/mongodb.go:52","msg":"Connect to MongoDB"}
{"level":"DEBUG","time":"2020-11-29T23:44:41.819-0500","caller":"mongodb/mongodb.go:77","msg":"logger init success"}
{"level":"INFO","time":"2020-11-29T23:44:42.984-0500","caller":"mongodb/mongodb.go:52","msg":"Connect to MongoDB"}
{"level":"INFO","time":"2020-11-29T23:44:43.567-0500","caller":"mongodb/mongodb.go:63","msg":"Connection to MongoDB closed."}
{"level":"DEBUG","time":"2020-11-29T23:47:06.504-0500","caller":"mongodb/mongodb.go:78","msg":"logger init success"}
{"level":"INFO","time":"2020-11-29T23:47:07.698-0500","caller":"mongodb/mongodb.go:53","msg":"Connect to MongoDB"}
{"level":"DEBUG","time":"2020-11-29T23:48:36.510-0500","caller":"mongodb/mongodb.go:78","msg":"logger init success"}
{"level":"INFO","time":"2020-11-29T23:48:37.730-0500","caller":"mongodb/mongodb.go:53","msg":"Connect to MongoDB"}
{"level":"DEBUG","time":"2020-11-29T23:52:39.610-0500","caller":"mongodb/mongodb.go:78","msg":"logger init success"}
{"level":"INFO","time":"2020-11-29T23:52:40.803-0500","caller":"mongodb/mongodb.go:53","msg":"Connect to MongoDB"}
{"level":"INFO","time":"2020-11-29T23:52:41.223-0500","caller":"mongodb/mongodb.go:64","msg":"Connection to MongoDB closed."}
{"level":"DEBUG","time":"2020-11-29T23:56:05.161-0500","caller":"mongodb/mongodb.go:78","msg":"logger init success"}
{"level":"INFO","time":"2020-11-29T23:56:06.342-0500","caller":"mongodb/mongodb.go:53","msg":"Connect to MongoDB"}
{"level":"INFO","time":"2020-11-29T23:56:06.747-0500","caller":"mongodb/mongodb.go:64","msg":"Connection to MongoDB closed."}
{"level":"DEBUG","time":"2020-11-30T00:00:05.558-0500","caller":"mongodb/mongodb.go:78","msg":"logger init success"}
{"level":"INFO","time":"2020-11-30T00:00:06.842-0500","caller":"mongodb/mongodb.go:53","msg":"Connect to MongoDB"}
{"level":"DEBUG","time":"2020-11-30T00:01:43.205-0500","caller":"mongodb/mongodb.go:78","msg":"logger init success"}
{"level":"INFO","time":"2020-11-30T00:01:44.436-0500","caller":"mongodb/mongodb.go:53","msg":"Connect to MongoDB"}
{"level":"INFO","time":"2020-11-30T00:01:44.832-0500","caller":"mongodb/mongodb.go:64","msg":"Connection to MongoDB closed."}
{"level":"DEBUG","time":"2020-11-30T00:28:42.981-0500","caller":"go-web-app/main.go:35","msg":"logger init success"}
{"level":"ERROR","time":"2020-11-30T00:29:44.932-0500","caller":"controller/event.go:15","msg":"Get event by id failed.","error":"strconv.ParseInt: parsing \"\": invalid syntax"}
{"level":"ERROR","time":"2020-11-30T00:29:47.053-0500","caller":"controller/event.go:15","msg":"Get event by id failed.","error":"strconv.ParseInt: parsing \"\": invalid syntax"}
{"level":"DEBUG","time":"2020-11-30T00:32:09.767-0500","caller":"go-web-app/main.go:35","msg":"logger init success"}
{"level":"ERROR","time":"2020-11-30T00:32:15.715-0500","caller":"controller/event.go:15","msg":"Get event by id failed.","error":"strconv.ParseInt: parsing \"\": invalid syntax"}
{"level":"ERROR","time":"2020-11-30T00:32:15.715-0500","caller":"controller/event.go:16","msg":"eid","eid":0}
{"level":"DEBUG","time":"2020-11-30T00:32:43.220-0500","caller":"go-web-app/main.go:35","msg":"logger init success"}
{"level":"DEBUG","time":"2020-11-30T00:35:03.775-0500","caller":"go-web-app/main.go:36","msg":"logger init success"}
{"level":"INFO","time":"2020-11-30T00:35:06.237-0500","caller":"mongodb/mongodb.go:53","msg":"Connect to MongoDB"}
{"level":"ERROR","time":"2020-11-30T00:35:09.657-0500","caller":"mongodb/event.go:17","msg":"No event id matched in mongodb","error":"cannot transform type bson.D to a BSON Document: WriteArray can only write a Array while positioned on a Element or Value but is positioned on a TopLevel"}
{"level":"DEBUG","time":"2020-11-30T00:35:43.442-0500","caller":"go-web-app/main.go:36","msg":"logger init success"}
{"level":"INFO","time":"2020-11-30T00:35:45.783-0500","caller":"mongodb/mongodb.go:53","msg":"Connect to MongoDB"}
{"level":"ERROR","time":"2020-11-30T00:35:49.130-0500","caller":"mongodb/event.go:18","msg":"No event id matched in mongodb","error":"mongo: no documents in result"}
{"level":"DEBUG","time":"2020-11-30T00:36:22.530-0500","caller":"go-web-app/main.go:36","msg":"logger init success"}
{"level":"INFO","time":"2020-11-30T00:36:24.912-0500","caller":"mongodb/mongodb.go:53","msg":"Connect to MongoDB"}
{"level":"DEBUG","time":"2020-11-30T00:36:40.820-0500","caller":"go-web-app/main.go:36","msg":"logger init success"}
{"level":"INFO","time":"2020-11-30T00:36:43.325-0500","caller":"mongodb/mongodb.go:53","msg":"Connect to MongoDB"}
{"level":"ERROR","time":"2020-11-30T00:36:45.261-0500","caller":"mongodb/event.go:18","msg":"No event id matched in mongodb","error":"cannot transform type bson.D to a BSON Document: WriteArray can only write a Array while positioned on a Element or Value but is positioned on a TopLevel"}
{"level":"DEBUG","time":"2020-11-30T00:37:47.501-0500","caller":"go-web-app/main.go:36","msg":"logger init success"}
{"level":"INFO","time":"2020-11-30T00:37:49.895-0500","caller":"mongodb/mongodb.go:53","msg":"Connect to MongoDB"}
{"level":"DEBUG","time":"2020-11-30T00:38:16.660-0500","caller":"go-web-app/main.go:36","msg":"logger init success"}
{"level":"INFO","time":"2020-11-30T00:38:19.019-0500","caller":"mongodb/mongodb.go:53","msg":"Connect to MongoDB"}
